<!DOCTYPE html PUBLIC "-//W3C//DTD XHTML 1.1//EN" "http://www.w3.org/TR/xhtml11/DTD/xhtml11.dtd">
<html xmlns="http://www.w3.org/1999/xhtml">
<head>
<meta http-equiv="content-type" content="text/html; charset=UTF-8"/>
<title>TestNG Report</title>
<style type="text/css">table {margin-bottom:10px;border-collapse:collapse;empty-cells:show}th,td {border:1px solid #009;padding:.25em .5em}th {vertical-align:bottom}td {vertical-align:top}table a {font-weight:bold}.stripe td {background-color: #E6EBF9}.num {text-align:right}.passedodd td {background-color: #3F3}.passedeven td {background-color: #0A0}.skippedodd td {background-color: #DDD}.skippedeven td {background-color: #CCC}.failedodd td,.attn {background-color: #F33}.failedeven td,.stripe .attn {background-color: #D00}.stacktrace {white-space:pre;font-family:monospace}.totop {font-size:85%;text-align:center;border-bottom:2px solid #000}.invisible {display:none}</style>
</head>
<body>
<table>
<tr><th>Test</th><th># Passed</th><th># Skipped</th><th># Failed</th><th>Time (ms)</th><th>Included Groups</th><th>Excluded Groups</th></tr>
<tr><th colspan="7">NopCommerce</th></tr>
<tr><td><a href="#t0">Run on Chrome</a></td><td class="num">2</td><td class="num">0</td><td class="num attn">1</td><td class="num">42,355</td><td></td><td></td></tr>
</table>
<table id='summary'><thead><tr><th>Class</th><th>Method</th><th>Start</th><th>Time (ms)</th></tr></thead><tbody><tr><th colspan="4">NopCommerce</th></tr></tbody><tbody id="t0"><tr><th colspan="4">Run on Chrome &#8212; failed</th></tr><tr class="failedeven"><td rowspan="1">com.nopcommerce.user.Level_23_Fake_Data</td><td><a href="#m0">User_01_Register</a></td><td rowspan="1">1672717266563</td><td rowspan="1">32496</td></tr><tr><th colspan="4">Run on Chrome &#8212; passed</th></tr><tr class="passedeven"><td rowspan="2">com.nopcommerce.user.Level_23_Fake_Data</td><td><a href="#m1">User_02_Login</a></td><td rowspan="1">1672717299130</td><td rowspan="1">2160</td></tr><tr class="passedeven"><td><a href="#m2">User_03_My_Account</a></td><td rowspan="1">1672717301294</td><td rowspan="1">491</td></tr></tbody>
</table>
<h2>Run on Chrome</h2><h3 id="m0">com.nopcommerce.user.Level_23_Fake_Data#User_01_Register</h3><table class="result"><tr><th>Messages</th></tr><tr><td><div class="messages">[INFO ] [2023-01-03 10:41:06,607] Register - Step 01: Click to Register link
<br><br/>[INFO ] [2023-01-03 10:41:07,626] Register - Step 02: Input FirstName to required field 'Kennith'
<br><br/>[INFO ] [2023-01-03 10:41:07,725] Register - Step 03: Input LastName to required field 'Swift'
<br><br/>[INFO ] [2023-01-03 10:41:08,063] Register - Step 04: Input Email to required field 'carmen.herman@yahoo.com'
<br><br/>[INFO ] [2023-01-03 10:41:08,196] Register - Step 05: Input Password to required field 'rwaemh55hs'
<br><br/>[INFO ] [2023-01-03 10:41:08,284] Register - Step 06: Input Confirm Password to required field 'rwaemh55hs'
<br><br/>[INFO ] [2023-01-03 10:41:08,381] Register - Step 07: Click to Register Button
<br><br/>[INFO ] [2023-01-03 10:41:08,996] Register - Step 08: Verify Register Success Message
<br><br/>[INFO ] [2023-01-03 10:41:09,050] Register - Step 09: Click to Logout Button
<br></div></td></tr><tr><th>Exception</th></tr><tr><td><div class="stacktrace">org.openqa.selenium.TimeoutException: Expected condition failed: waiting for element to be clickable: By.xpath: //a[@class= &apos;ico-logout&apos;] (tried for 30 second(s) with 500 milliseconds interval)
	at org.openqa.selenium.support.ui.WebDriverWait.timeoutException(WebDriverWait.java:95)
	at org.openqa.selenium.support.ui.FluentWait.until(FluentWait.java:272)
	at commonJquery.BasePageJquery.waitForElementClickAble(BasePageJquery.java:552)
	at pageObject.nopCommerce.user.UserRegisterPageObj.clickToLogoutBtn(UserRegisterPageObj.java:74)
	at com.nopcommerce.user.Level_23_Fake_Data.User_01_Register(Level_23_Fake_Data.java:85)
Caused by: org.openqa.selenium.NoSuchElementException: no such element: Unable to locate element: {&quot;method&quot;:&quot;xpath&quot;,&quot;selector&quot;:&quot;//a[@class= &apos;ico-logout&apos;]&quot;}
  (Session info: chrome=108.0.5359.125)
For documentation on this error, please visit: https://www.seleniumhq.org/exceptions/no_such_element.html
Build info: version: &apos;3.141.59&apos;, revision: &apos;e82be7d358&apos;, time: &apos;2018-11-14T08:17:03&apos;
System info: host: &apos;DESKTOP-EN5F5JA&apos;, ip: &apos;192.168.1.23&apos;, os.name: &apos;Windows 10&apos;, os.arch: &apos;amd64&apos;, os.version: &apos;10.0&apos;, java.version: &apos;15.0.2&apos;
Driver info: org.openqa.selenium.chrome.ChromeDriver
Capabilities {acceptInsecureCerts: false, browserName: chrome, browserVersion: 108.0.5359.125, chrome: {chromedriverVersion: 108.0.5359.71 (1e0e3868ee06..., userDataDir: C:\Users\ADMIN\AppData\Loca...}, goog:chromeOptions: {debuggerAddress: localhost:50527}, javascriptEnabled: true, networkConnectionEnabled: false, pageLoadStrategy: normal, platform: WINDOWS, platformName: WINDOWS, proxy: Proxy(), setWindowRect: true, strictFileInteractability: false, timeouts: {implicit: 0, pageLoad: 300000, script: 30000}, unhandledPromptBehavior: dismiss and notify, webauthn:extension:credBlob: true, webauthn:extension:largeBlob: true, webauthn:virtualAuthenticators: true}
Session ID: fd818107a8e835afd5dcca7adc72f8e5
*** Element info: {Using=xpath, value=//a[@class= &apos;ico-logout&apos;]}
	at org.openqa.selenium.remote.http.W3CHttpResponseCodec.createException(W3CHttpResponseCodec.java:187)
	at org.openqa.selenium.remote.http.W3CHttpResponseCodec.decode(W3CHttpResponseCodec.java:122)
	at org.openqa.selenium.remote.http.W3CHttpResponseCodec.decode(W3CHttpResponseCodec.java:49)
	at org.openqa.selenium.remote.HttpCommandExecutor.execute(HttpCommandExecutor.java:158)
	at org.openqa.selenium.remote.service.DriverCommandExecutor.execute(DriverCommandExecutor.java:83)
	at org.openqa.selenium.remote.RemoteWebDriver.execute(RemoteWebDriver.java:552)
	at org.openqa.selenium.remote.RemoteWebDriver.findElement(RemoteWebDriver.java:323)
	at org.openqa.selenium.remote.RemoteWebDriver.findElementByXPath(RemoteWebDriver.java:428)
	at org.openqa.selenium.By$ByXPath.findElement(By.java:353)
	at org.openqa.selenium.remote.RemoteWebDriver.findElement(RemoteWebDriver.java:315)
	at org.openqa.selenium.support.ui.ExpectedConditions$7.apply(ExpectedConditions.java:205)
	at org.openqa.selenium.support.ui.ExpectedConditions$7.apply(ExpectedConditions.java:201)
	at org.openqa.selenium.support.ui.ExpectedConditions$22.apply(ExpectedConditions.java:641)
	at org.openqa.selenium.support.ui.ExpectedConditions$22.apply(ExpectedConditions.java:638)
	at org.openqa.selenium.support.ui.FluentWait.until(FluentWait.java:249)
	... 28 more
... Removed 30 stack frames</div></td></tr></table><p class="totop"><a href="#summary">back to summary</a></p>
<h3 id="m1">com.nopcommerce.user.Level_23_Fake_Data#User_02_Login</h3><table class="result"><tr><th>Messages</th></tr><tr><td><div class="messages">[INFO ] [2023-01-03 10:41:39,132] Login - Step 01: Navigate to Login Button
<br><br/>[INFO ] [2023-01-03 10:41:40,028] Login - Step 02: Input Not Found Email to Email Textbox 'carmen.herman@yahoo.com'
<br><br/>[INFO ] [2023-01-03 10:41:40,123] Login - Step 03:  Input Password TextBox 'rwaemh55hs'
<br><br/>[INFO ] [2023-01-03 10:41:40,222] Login - Step 04:  Click to Login Button
<br><br/>[INFO ] [2023-01-03 10:41:40,818] Login - Step 05:  Verify Login Success
<br><br/>[INFO ] [2023-01-03 10:41:40,907] Login - Step 06: Navigate to MyAccoutLink
<br><br/>[INFO ] [2023-01-03 10:41:41,257] Login - Step 07: Verify Login Success
<br></div></td></tr></table><p class="totop"><a href="#summary">back to summary</a></p>
<h3 id="m2">com.nopcommerce.user.Level_23_Fake_Data#User_03_My_Account</h3><table class="result"><tr><th>Messages</th></tr><tr><td><div class="messages">[INFO ] [2023-01-03 10:41:41,296] My Account - Step 01: Navigate to MyAccoutLink
<br><br/>[INFO ] [2023-01-03 10:41:41,645] My Account - Step 02: Verify Login Success
<br><br/>[INFO ] [2023-01-03 10:41:41,679] My Account - Step 03: Verify FirstName value is correctly
<br><br/>[INFO ] [2023-01-03 10:41:41,714] My Account - Step 04: Verify LastName value is correctly
<br><br/>[INFO ] [2023-01-03 10:41:41,750] My Account - Step 05: Verify Email value is correctly
<br></div></td></tr></table><p class="totop"><a href="#summary">back to summary</a></p>
</body>
</html>
